<?xml version="1.0" encoding="UTF-8"?>
<!-- Generated by org.testng.reporters.JUnitXMLReporter -->
<testsuite ignored="0" hostname="EXR-IT-684" failures="0" tests="4" name="AutomationLearnings" time="45.531" errors="0" timestamp="2024-11-27T11:58:27 IST">
  <testcase classname="AlertAndPopUpHandler" name="alertHandle" time="13.635"/>
  <testcase classname="AlertAndPopUpHandler" name="handleAlertBoxPopUp" time="10.546"/>
  <testcase classname="AlertAndPopUpHandler" name="handleConfirmBoxPopUp" time="11.187"/>
  <testcase classname="AlertAndPopUpHandler" name="handlePromptBoxPopUp" time="10.104"/>
</testsuite> <!-- AutomationLearnings -->
